<?xml version="1.0" encoding="UTF-8" ?>
<testsuite errors="0" failures="0" hostname="megaforce" name="PeliTest" tests="10" time="0.665" timestamp="2012-01-29T18:35:28">
  <properties>
[...]
</properties>
  <testcase classname="PeliTest" name="vuoroVaihtuu" time="0.048" />
  <testcase classname="PeliTest" name="samatKortit" time="0.001" />
  <testcase classname="PeliTest" name="kertaVaihtuu" time="0.001" />
  <testcase classname="PeliTest" name="pariPoistuu" time="0.001" />
  <testcase classname="PeliTest" name="pelaaja1Saapisteen" time="0.001" />
  <testcase classname="PeliTest" name="samastaParistaeiPisteita" time="0.0" />
  <testcase classname="PeliTest" name="pariEipoistu" time="0.001" />
  <testcase classname="PeliTest" name="oikeinKortit" time="0.001" />
  <testcase classname="PeliTest" name="vaarinKortit" time="0.001" />
  <testcase classname="PeliTest" name="korttiLoytyy" time="0.001" />
  <system-out><![CDATA[TROLL
Onneksi olkoon joku! sait pisteen.
Onneksi olkoon joku! sait pisteen.
Onneksi olkoon joku! sait pisteen.
null
Valitettavasti joku et löytänyt paria :(
Onneksi olkoon joku! sait pisteen.
Valitettavasti joku et löytänyt paria :(
]]></system-out>
  <system-err><![CDATA[]]></system-err>
</testsuite>
